0 info it worked if it ends with ok
1 verbose cli [ 'C:\\Program Files\\nodejs\\node.exe',
1 verbose cli   'C:\\Program Files\\nodejs\\node_modules\\npm\\bin\\npm-cli.js',
1 verbose cli   'start' ]
2 info using npm@4.0.5
3 info using node@v7.4.0
4 verbose run-script [ 'prestart', 'start', 'poststart' ]
5 info lifecycle clockos-ui@0.1.0~prestart: clockos-ui@0.1.0
6 verbose lifecycle clockos-ui@0.1.0~prestart: unsafe-perm in lifecycle true
7 verbose lifecycle clockos-ui@0.1.0~prestart: PATH: C:\Program Files\nodejs\node_modules\npm\bin\node-gyp-bin;C:\Users\sGerli\Development\iGerli Clock\clockOS-ui\node_modules\.bin;C:\Users\sGerli\AppData\Local\Apps\2.0\5ZL0VY4C.ANQ\EE3JM69N.4V5\gith..tion_317444273a93ac29_0003.0003_665ccbdbd3c2d8d4\NativeBinaries\x86;C:\Program Files (x86)\Intel\iCLS Client\;C:\Program Files\Intel\iCLS Client\;C:\Windows\system32;C:\Windows;C:\Windows\System32\Wbem;C:\Windows\System32\WindowsPowerShell\v1.0\;C:\Program Files (x86)\NVIDIA Corporation\PhysX\Common;C:\Windows\system32\config\systemprofile\.dnx\bin;C:\Program Files\Microsoft DNX\Dnvm\;C:\Program Files\Microsoft SQL Server\130\Tools\Binn\;C:\Program Files\Git\cmd;C:\Program Files (x86)\Windows Kits\10\Windows Performance Toolkit\;C:\Program Files\Microsoft SQL Server\110\Tools\Binn\;C:\Program Files (x86)\Microsoft SDKs\TypeScript\1.0\;C:\Program Files\Microsoft SQL Server\120\Tools\Binn\;C:\Program Files (x86)\Intel\Intel(R) Management Engine Components\DAL;C:\Program Files\Intel\Intel(R) Management Engine Components\DAL;C:\Program Files (x86)\Intel\Intel(R) Management Engine Components\IPT;C:\Program Files\Intel\Intel(R) Management Engine Components\IPT;C:\Program Files\nodejs\;C:\Ruby23-x64\bin;C:\Users\sGerli\AppData\Local\Microsoft\WindowsApps;C:\Program Files (x86)\Microsoft VS Code\bin;C:\Users\sGerli\AppData\Local\atom\bin;C:\Users\sGerli\AppData\Roaming\npm
8 verbose lifecycle clockos-ui@0.1.0~prestart: CWD: C:\Users\sGerli\Development\iGerli Clock\clockOS-ui
9 silly lifecycle clockos-ui@0.1.0~prestart: Args: [ '/d /s /c', 'npm install' ]
10 silly lifecycle clockos-ui@0.1.0~prestart: Returned: code: 0  signal: null
11 info lifecycle clockos-ui@0.1.0~start: clockos-ui@0.1.0
12 verbose lifecycle clockos-ui@0.1.0~start: unsafe-perm in lifecycle true
13 verbose lifecycle clockos-ui@0.1.0~start: PATH: C:\Program Files\nodejs\node_modules\npm\bin\node-gyp-bin;C:\Users\sGerli\Development\iGerli Clock\clockOS-ui\node_modules\.bin;C:\Users\sGerli\AppData\Local\Apps\2.0\5ZL0VY4C.ANQ\EE3JM69N.4V5\gith..tion_317444273a93ac29_0003.0003_665ccbdbd3c2d8d4\NativeBinaries\x86;C:\Program Files (x86)\Intel\iCLS Client\;C:\Program Files\Intel\iCLS Client\;C:\Windows\system32;C:\Windows;C:\Windows\System32\Wbem;C:\Windows\System32\WindowsPowerShell\v1.0\;C:\Program Files (x86)\NVIDIA Corporation\PhysX\Common;C:\Windows\system32\config\systemprofile\.dnx\bin;C:\Program Files\Microsoft DNX\Dnvm\;C:\Program Files\Microsoft SQL Server\130\Tools\Binn\;C:\Program Files\Git\cmd;C:\Program Files (x86)\Windows Kits\10\Windows Performance Toolkit\;C:\Program Files\Microsoft SQL Server\110\Tools\Binn\;C:\Program Files (x86)\Microsoft SDKs\TypeScript\1.0\;C:\Program Files\Microsoft SQL Server\120\Tools\Binn\;C:\Program Files (x86)\Intel\Intel(R) Management Engine Components\DAL;C:\Program Files\Intel\Intel(R) Management Engine Components\DAL;C:\Program Files (x86)\Intel\Intel(R) Management Engine Components\IPT;C:\Program Files\Intel\Intel(R) Management Engine Components\IPT;C:\Program Files\nodejs\;C:\Ruby23-x64\bin;C:\Users\sGerli\AppData\Local\Microsoft\WindowsApps;C:\Program Files (x86)\Microsoft VS Code\bin;C:\Users\sGerli\AppData\Local\atom\bin;C:\Users\sGerli\AppData\Roaming\npm
14 verbose lifecycle clockos-ui@0.1.0~start: CWD: C:\Users\sGerli\Development\iGerli Clock\clockOS-ui
15 silly lifecycle clockos-ui@0.1.0~start: Args: [ '/d /s /c', 'http-server -a localhost -p 8000 -c-1 ./src' ]
16 silly lifecycle clockos-ui@0.1.0~start: Returned: code: 3221225786  signal: null
17 info lifecycle clockos-ui@0.1.0~start: Failed to exec start script
18 verbose stack Error: clockos-ui@0.1.0 start: `http-server -a localhost -p 8000 -c-1 ./src`
18 verbose stack Exit status 3221225786
18 verbose stack     at EventEmitter.<anonymous> (C:\Program Files\nodejs\node_modules\npm\lib\utils\lifecycle.js:279:16)
18 verbose stack     at emitTwo (events.js:106:13)
18 verbose stack     at EventEmitter.emit (events.js:191:7)
18 verbose stack     at ChildProcess.<anonymous> (C:\Program Files\nodejs\node_modules\npm\lib\utils\spawn.js:40:14)
18 verbose stack     at emitTwo (events.js:106:13)
18 verbose stack     at ChildProcess.emit (events.js:191:7)
18 verbose stack     at maybeClose (internal/child_process.js:885:16)
18 verbose stack     at Process.ChildProcess._handle.onexit (internal/child_process.js:226:5)
19 verbose pkgid clockos-ui@0.1.0
20 verbose cwd C:\Users\sGerli\Development\iGerli Clock\clockOS-ui
21 error Windows_NT 10.0.14393
22 error argv "C:\\Program Files\\nodejs\\node.exe" "C:\\Program Files\\nodejs\\node_modules\\npm\\bin\\npm-cli.js" "start"
23 error node v7.4.0
24 error npm  v4.0.5
25 error code ELIFECYCLE
26 error clockos-ui@0.1.0 start: `http-server -a localhost -p 8000 -c-1 ./src`
26 error Exit status 3221225786
27 error Failed at the clockos-ui@0.1.0 start script 'http-server -a localhost -p 8000 -c-1 ./src'.
27 error Make sure you have the latest version of node.js and npm installed.
27 error If you do, this is most likely a problem with the clockos-ui package,
27 error not with npm itself.
27 error Tell the author that this fails on your system:
27 error     http-server -a localhost -p 8000 -c-1 ./src
27 error You can get information on how to open an issue for this project with:
27 error     npm bugs clockos-ui
27 error Or if that isn't available, you can get their info via:
27 error     npm owner ls clockos-ui
27 error There is likely additional logging output above.
28 verbose exit [ 1, true ]
